<?xml version="1.0" encoding="UTF-8"?>
<!-- Generated by org.testng.reporters.JUnitXMLReporter -->
<testsuite ignored="0" hostname="Lenovo" failures="0" tests="7" name="Default test" time="0.234" errors="0" timestamp="2023-02-13T15:55:19 IST">
  <testcase classname="TestngProjects.PriorityOneTest" name="MethodFiveTest" time="0.027"/>
  <testcase classname="TestngProjects.PriorityOneTest" name="MethodTwoTest" time="0.005"/>
  <testcase classname="TestngProjects.PriorityOneTest" name="MethodFourTest" time="0.003"/>
  <testcase classname="TestngProjects.PriorityOneTest" name="MethodSixTest" time="0.003"/>
  <testcase classname="TestngProjects.PriorityOneTest" name="MethodSevenTest" time="0.006"/>
  <testcase classname="TestngProjects.PriorityOneTest" name="MethodOneTest" time="0.003"/>
  <testcase classname="TestngProjects.PriorityOneTest" name="MethodThreeTest" time="0.013"/>
</testsuite> <!-- Default test -->
