<?xml version="1.0" encoding="UTF-8"?>
<!-- Generated by org.testng.reporters.JUnitXMLReporter -->
<testsuite ignored="3" hostname="Lenovo" failures="0" tests="3" name="Testone" time="0.207" errors="0" timestamp="2023-02-14T17:02:44 IST">
  <testcase classname="TestngProjects.GroupingOne" name="Method1" time="0.028"/>
  <testcase classname="TestngProjects.GroupingOne" name="Method3" time="0.006"/>
  <testcase classname="TestngProjects.GroupingOne" name="Method5" time="0.008"/>
  <testcase classname="TestngProjects.GroupingOne" name="Method2" time="0.0">
    <ignored/>
  </testcase> <!-- Method2 -->
  <testcase classname="TestngProjects.GroupingOne" name="Method4" time="0.0">
    <ignored/>
  </testcase> <!-- Method4 -->
  <testcase classname="TestngProjects.GroupingOne" name="Method6" time="0.0">
    <ignored/>
  </testcase> <!-- Method6 -->
</testsuite> <!-- Testone -->
