<?xml version="1.0" encoding="UTF-8"?>
<!-- Generated by org.testng.reporters.JUnitXMLReporter -->
<testsuite ignored="0" hostname="Lenovo" failures="0" tests="6" name="Testtwo" time="0.11" errors="0" timestamp="2023-02-14T17:02:44 IST">
  <testcase classname="TestngProjects.GroupingTwo" name="Method10" time="0.007"/>
  <testcase classname="TestngProjects.GroupingTwo" name="Method11" time="0.006"/>
  <testcase classname="TestngProjects.GroupingTwo" name="Method12" time="0.008"/>
  <testcase classname="TestngProjects.GroupingTwo" name="Method7" time="0.01"/>
  <testcase classname="TestngProjects.GroupingTwo" name="Method8" time="0.004"/>
  <testcase classname="TestngProjects.GroupingTwo" name="Method9" time="0.018"/>
</testsuite> <!-- Testtwo -->
