<?xml version="1.0" encoding="UTF-8"?>
<!-- Generated by org.testng.reporters.JUnitXMLReporter -->
<testsuite ignored="3" hostname="Lenovo" failures="0" tests="3" name="Test" time="0.208" errors="0" timestamp="2023-02-14T16:36:46 IST">
  <testcase classname="TestngProjects.GroupingOne" name="Method1" time="0.032"/>
  <testcase classname="TestngProjects.GroupingOne" name="Method3" time="0.004"/>
  <testcase classname="TestngProjects.GroupingOne" name="Method5" time="0.006"/>
  <testcase classname="TestngProjects.GroupingOne" name="Method2" time="0.0">
    <ignored/>
  </testcase> <!-- Method2 -->
  <testcase classname="TestngProjects.GroupingOne" name="Method4" time="0.0">
    <ignored/>
  </testcase> <!-- Method4 -->
  <testcase classname="TestngProjects.GroupingOne" name="Method6" time="0.0">
    <ignored/>
  </testcase> <!-- Method6 -->
</testsuite> <!-- Test -->
