<?xml version="1.0" encoding="UTF-8"?>
<testng-results ignored="3" total="12" passed="9" failed="0" skipped="0">
  <reporter-output>
  </reporter-output>
  <suite started-at="2023-02-14T17:02:43 IST" name="Suite" finished-at="2023-02-14T17:02:44 IST" duration-ms="575">
    <groups>
      <group name="sanityfour">
        <method signature="GroupingTwo.Method9()[pri:0, instance:TestngProjects.GroupingTwo@6c80d78a]" name="Method9" class="TestngProjects.GroupingTwo"/>
      </group> <!-- sanityfour -->
      <group name="sanitythree">
        <method signature="GroupingTwo.Method7()[pri:0, instance:TestngProjects.GroupingTwo@6c80d78a]" name="Method7" class="TestngProjects.GroupingTwo"/>
      </group> <!-- sanitythree -->
      <group name="sanityfive">
        <method signature="GroupingTwo.Method11()[pri:0, instance:TestngProjects.GroupingTwo@6c80d78a]" name="Method11" class="TestngProjects.GroupingTwo"/>
      </group> <!-- sanityfive -->
      <group name="smoke">
        <method signature="GroupingTwo.Method10()[pri:0, instance:TestngProjects.GroupingTwo@6c80d78a]" name="Method10" class="TestngProjects.GroupingTwo"/>
        <method signature="GroupingTwo.Method8()[pri:0, instance:TestngProjects.GroupingTwo@6c80d78a]" name="Method8" class="TestngProjects.GroupingTwo"/>
      </group> <!-- smoke -->
      <group name="Regression">
        <method signature="GroupingOne.Method5()[pri:0, instance:TestngProjects.GroupingOne@70e8f8e]" name="Method5" class="TestngProjects.GroupingOne"/>
        <method signature="GroupingTwo.Method12()[pri:0, instance:TestngProjects.GroupingTwo@6c80d78a]" name="Method12" class="TestngProjects.GroupingTwo"/>
      </group> <!-- Regression -->
      <group name="sanitytwo">
        <method signature="GroupingOne.Method3()[pri:0, instance:TestngProjects.GroupingOne@70e8f8e]" name="Method3" class="TestngProjects.GroupingOne"/>
      </group> <!-- sanitytwo -->
      <group name="sanityone">
        <method signature="GroupingOne.Method1()[pri:0, instance:TestngProjects.GroupingOne@70e8f8e]" name="Method1" class="TestngProjects.GroupingOne"/>
      </group> <!-- sanityone -->
    </groups>
    <test started-at="2023-02-14T17:02:43 IST" name="Testone" finished-at="2023-02-14T17:02:44 IST" duration-ms="207">
      <class name="TestngProjects.GroupingOne">
        <test-method signature="Method1()[pri:0, instance:TestngProjects.GroupingOne@70e8f8e]" started-at="2023-02-14T17:02:44 IST" name="Method1" finished-at="2023-02-14T17:02:44 IST" duration-ms="28" status="PASS">
          <reporter-output>
          </reporter-output>
        </test-method> <!-- Method1 -->
        <test-method signature="Method3()[pri:0, instance:TestngProjects.GroupingOne@70e8f8e]" started-at="2023-02-14T17:02:44 IST" name="Method3" finished-at="2023-02-14T17:02:44 IST" duration-ms="6" status="PASS">
          <reporter-output>
          </reporter-output>
        </test-method> <!-- Method3 -->
        <test-method signature="Method5()[pri:0, instance:TestngProjects.GroupingOne@70e8f8e]" started-at="2023-02-14T17:02:44 IST" name="Method5" finished-at="2023-02-14T17:02:44 IST" duration-ms="8" status="PASS">
          <reporter-output>
          </reporter-output>
        </test-method> <!-- Method5 -->
      </class> <!-- TestngProjects.GroupingOne -->
    </test> <!-- Testone -->
    <test started-at="2023-02-14T17:02:44 IST" name="Testtwo" finished-at="2023-02-14T17:02:44 IST" duration-ms="110">
      <class name="TestngProjects.GroupingTwo">
        <test-method signature="Method10()[pri:0, instance:TestngProjects.GroupingTwo@6c80d78a]" started-at="2023-02-14T17:02:44 IST" name="Method10" finished-at="2023-02-14T17:02:44 IST" duration-ms="7" status="PASS">
          <reporter-output>
          </reporter-output>
        </test-method> <!-- Method10 -->
        <test-method signature="Method11()[pri:0, instance:TestngProjects.GroupingTwo@6c80d78a]" started-at="2023-02-14T17:02:44 IST" name="Method11" finished-at="2023-02-14T17:02:44 IST" duration-ms="6" status="PASS">
          <reporter-output>
          </reporter-output>
        </test-method> <!-- Method11 -->
        <test-method signature="Method12()[pri:0, instance:TestngProjects.GroupingTwo@6c80d78a]" started-at="2023-02-14T17:02:44 IST" name="Method12" finished-at="2023-02-14T17:02:44 IST" duration-ms="8" status="PASS">
          <reporter-output>
          </reporter-output>
        </test-method> <!-- Method12 -->
        <test-method signature="Method7()[pri:0, instance:TestngProjects.GroupingTwo@6c80d78a]" started-at="2023-02-14T17:02:44 IST" name="Method7" finished-at="2023-02-14T17:02:44 IST" duration-ms="10" status="PASS">
          <reporter-output>
          </reporter-output>
        </test-method> <!-- Method7 -->
        <test-method signature="Method8()[pri:0, instance:TestngProjects.GroupingTwo@6c80d78a]" started-at="2023-02-14T17:02:44 IST" name="Method8" finished-at="2023-02-14T17:02:44 IST" duration-ms="4" status="PASS">
          <reporter-output>
          </reporter-output>
        </test-method> <!-- Method8 -->
        <test-method signature="Method9()[pri:0, instance:TestngProjects.GroupingTwo@6c80d78a]" started-at="2023-02-14T17:02:44 IST" name="Method9" finished-at="2023-02-14T17:02:44 IST" duration-ms="18" status="PASS">
          <reporter-output>
          </reporter-output>
        </test-method> <!-- Method9 -->
      </class> <!-- TestngProjects.GroupingTwo -->
    </test> <!-- Testtwo -->
  </suite> <!-- Suite -->
</testng-results>
